TN:
SF:src\index.js
FN:29,(anonymous_0)
FN:36,(anonymous_1)
FNF:2
FNH:2
FNDA:1,(anonymous_0)
FNDA:5,(anonymous_1)
DA:1,5
DA:2,5
DA:3,5
DA:4,5
DA:7,5
DA:8,5
DA:9,5
DA:10,5
DA:11,5
DA:12,5
DA:13,5
DA:14,5
DA:15,5
DA:16,5
DA:17,5
DA:18,5
DA:20,5
DA:21,5
DA:22,5
DA:23,5
DA:24,5
DA:25,5
DA:26,5
DA:27,5
DA:29,5
DA:30,1
DA:36,5
DA:37,5
DA:38,5
DA:41,5
LF:30
LH:30
BRF:0
BRH:0
end_of_record
TN:
SF:src\controllers\auth.controller.js
FN:8,(anonymous_0)
FNF:1
FNH:1
FNDA:3,(anonymous_0)
DA:3,5
DA:4,5
DA:6,5
DA:8,5
DA:9,3
DA:10,3
DA:11,3
DA:14,3
DA:15,1
DA:19,2
DA:24,2
DA:25,1
DA:30,1
DA:32,1
DA:37,0
DA:38,0
DA:45,5
LF:17
LH:15
BRDA:14,0,0,1
BRDA:14,0,1,2
BRDA:24,1,0,1
BRDA:24,1,1,1
BRF:4
BRH:4
end_of_record
TN:
SF:src\controllers\caso.controller.js
FN:3,(anonymous_0)
FN:31,(anonymous_1)
FN:46,(anonymous_2)
FN:72,(anonymous_3)
FNF:4
FNH:4
FNDA:5,(anonymous_0)
FNDA:2,(anonymous_1)
FNDA:2,(anonymous_2)
FNDA:3,(anonymous_3)
DA:1,5
DA:3,5
DA:4,5
DA:5,5
DA:16,5
DA:17,5
DA:18,5
DA:23,0
DA:31,5
DA:33,2
DA:34,2
DA:35,2
DA:36,1
DA:40,1
DA:41,1
DA:46,5
DA:47,2
DA:48,2
DA:49,2
DA:60,2
DA:61,2
DA:62,1
DA:66,1
DA:67,1
DA:72,5
DA:73,3
DA:74,3
DA:75,3
DA:76,2
DA:77,1
DA:79,1
DA:83,1
DA:87,5
LF:33
LH:32
BRDA:35,0,0,1
BRDA:35,0,1,1
BRDA:61,1,0,1
BRDA:61,1,1,1
BRDA:76,2,0,1
BRDA:76,2,1,1
BRF:6
BRH:6
end_of_record
TN:
SF:src\controllers\manage.controller.js
FN:3,(anonymous_0)
FN:8,(anonymous_1)
FN:23,(anonymous_2)
FNF:3
FNH:0
FNDA:0,(anonymous_0)
FNDA:0,(anonymous_1)
FNDA:0,(anonymous_2)
DA:1,5
DA:3,5
DA:4,0
DA:5,0
DA:8,5
DA:9,0
DA:10,0
DA:11,0
DA:12,0
DA:16,0
DA:17,0
DA:23,5
DA:24,0
DA:25,0
DA:26,0
DA:27,0
DA:31,0
DA:32,0
DA:38,5
LF:19
LH:5
BRF:0
BRH:0
end_of_record
TN:
SF:src\controllers\permiso.controller.js
FN:3,(anonymous_0)
FNF:1
FNH:0
FNDA:0,(anonymous_0)
DA:1,5
DA:3,5
DA:4,0
DA:5,0
DA:8,0
DA:9,0
DA:10,0
DA:15,0
DA:22,5
LF:9
LH:3
BRF:0
BRH:0
end_of_record
TN:
SF:src\controllers\permisoUsuario.controller.js
FN:3,(anonymous_0)
FN:23,(anonymous_1)
FN:28,(anonymous_2)
FNF:3
FNH:0
FNDA:0,(anonymous_0)
FNDA:0,(anonymous_1)
FNDA:0,(anonymous_2)
DA:1,5
DA:3,5
DA:4,0
DA:5,0
DA:9,0
DA:10,0
DA:11,0
DA:16,0
DA:23,5
DA:24,0
DA:25,0
DA:26,0
DA:27,0
DA:28,0
DA:29,0
DA:31,0
DA:35,0
DA:41,5
LF:18
LH:4
BRDA:27,0,0,0
BRDA:27,0,1,0
BRF:2
BRH:0
end_of_record
TN:
SF:src\controllers\project.controller.js
FN:3,(anonymous_0)
FN:19,(anonymous_1)
FN:36,(anonymous_2)
FN:55,(anonymous_3)
FNF:4
FNH:0
FNDA:0,(anonymous_0)
FNDA:0,(anonymous_1)
FNDA:0,(anonymous_2)
FNDA:0,(anonymous_3)
DA:1,5
DA:3,5
DA:4,0
DA:6,0
DA:11,0
DA:13,0
DA:19,5
DA:20,0
DA:22,0
DA:23,0
DA:24,0
DA:29,0
DA:30,0
DA:36,5
DA:38,0
DA:39,0
DA:40,0
DA:42,0
DA:43,0
DA:44,0
DA:48,0
DA:49,0
DA:55,5
DA:56,0
DA:58,0
DA:59,0
DA:60,0
DA:65,0
DA:66,0
DA:72,5
LF:30
LH:6
BRDA:4,0,0,0
BRDA:4,1,0,0
BRF:2
BRH:0
end_of_record
TN:
SF:src\controllers\seguimiento.controller.js
FN:3,(anonymous_0)
FN:25,(anonymous_1)
FN:40,(anonymous_2)
FN:60,(anonymous_3)
FNF:4
FNH:3
FNDA:3,(anonymous_0)
FNDA:2,(anonymous_1)
FNDA:2,(anonymous_2)
FNDA:0,(anonymous_3)
DA:1,5
DA:3,5
DA:4,3
DA:5,3
DA:10,3
DA:11,3
DA:12,3
DA:17,0
DA:25,5
DA:27,2
DA:28,2
DA:29,2
DA:30,1
DA:34,1
DA:35,1
DA:40,5
DA:41,2
DA:42,2
DA:43,2
DA:48,2
DA:49,2
DA:50,1
DA:54,1
DA:55,1
DA:60,5
DA:61,0
DA:62,0
DA:63,0
DA:64,0
DA:65,0
DA:67,0
DA:71,0
DA:75,5
LF:33
LH:25
BRDA:29,0,0,1
BRDA:29,0,1,1
BRDA:49,1,0,1
BRDA:49,1,1,1
BRDA:64,2,0,0
BRDA:64,2,1,0
BRF:6
BRH:4
end_of_record
TN:
SF:src\controllers\user.controller.js
FN:3,(anonymous_0)
FNF:1
FNH:1
FNDA:1,(anonymous_0)
DA:1,5
DA:3,5
DA:4,1
DA:6,1
DA:7,1
DA:8,1
DA:9,1
DA:13,0
DA:14,0
DA:20,5
LF:10
LH:8
BRF:0
BRH:0
end_of_record
TN:
SF:src\database\connection.js
FNF:0
FNH:0
DA:1,5
DA:2,5
DA:4,5
DA:16,5
LF:4
LH:4
BRF:0
BRH:0
end_of_record
TN:
SF:src\database\models\CasoPrueba.js
FNF:0
FNH:0
DA:1,5
DA:2,5
DA:3,5
DA:6,5
DA:53,5
DA:55,5
LF:6
LH:6
BRF:0
BRH:0
end_of_record
TN:
SF:src\database\models\Gestiona.js
FNF:0
FNH:0
DA:1,5
DA:2,5
DA:3,5
DA:4,5
DA:6,5
DA:32,5
DA:33,5
DA:35,5
LF:8
LH:8
BRF:0
BRH:0
end_of_record
TN:
SF:src\database\models\Permiso.js
FNF:0
FNH:0
DA:1,5
DA:2,5
DA:4,5
DA:22,5
LF:4
LH:4
BRF:0
BRH:0
end_of_record
TN:
SF:src\database\models\PermisoUsuario.js
FNF:0
FNH:0
DA:1,5
DA:2,5
DA:3,5
DA:4,5
DA:6,5
DA:32,5
DA:33,5
DA:35,5
LF:8
LH:8
BRF:0
BRH:0
end_of_record
TN:
SF:src\database\models\Proyecto.js
FNF:0
FNH:0
DA:1,5
DA:2,5
DA:4,5
DA:21,5
LF:4
LH:4
BRF:0
BRH:0
end_of_record
TN:
SF:src\database\models\SeguimientoError.js
FNF:0
FNH:0
DA:1,5
DA:2,5
DA:3,5
DA:5,5
DA:33,5
DA:35,5
LF:6
LH:6
BRF:0
BRH:0
end_of_record
TN:
SF:src\database\models\Usuario.js
FNF:0
FNH:0
DA:1,5
DA:2,5
DA:4,5
DA:38,5
LF:4
LH:4
BRF:0
BRH:0
end_of_record
TN:
SF:src\helpers\db-validators.js
FN:6,(anonymous_0)
FN:11,(anonymous_1)
FN:18,(anonymous_2)
FN:30,(anonymous_3)
FN:43,(anonymous_4)
FNF:5
FNH:3
FNDA:15,(anonymous_0)
FNDA:0,(anonymous_1)
FNDA:3,(anonymous_2)
FNDA:3,(anonymous_3)
FNDA:0,(anonymous_4)
DA:1,5
DA:2,5
DA:6,5
DA:7,15
DA:8,15
DA:11,5
DA:12,0
DA:13,0
DA:14,0
DA:18,5
DA:19,3
DA:25,3
DA:26,1
DA:30,5
DA:31,3
DA:36,3
DA:43,5
DA:44,0
DA:45,0
DA:46,0
DA:52,5
LF:21
LH:15
BRDA:13,0,0,0
BRDA:13,0,1,0
BRDA:18,1,0,1
BRDA:25,2,0,1
BRDA:25,2,1,2
BRDA:45,3,0,0
BRDA:45,3,1,0
BRF:7
BRH:3
end_of_record
TN:
SF:src\helpers\generateToken.js
FN:4,(anonymous_0)
FNF:1
FNH:1
FNDA:1,(anonymous_0)
DA:1,5
DA:2,5
DA:4,5
DA:5,1
DA:6,1
DA:21,5
LF:6
LH:6
BRF:0
BRH:0
end_of_record
TN:
SF:src\helpers\verify-jwt.js
FN:3,(anonymous_0)
FNF:1
FNH:1
FNDA:15,(anonymous_0)
DA:1,5
DA:3,5
DA:4,15
DA:5,15
DA:7,0
DA:11,5
LF:6
LH:5
BRF:0
BRH:0
end_of_record
TN:
SF:src\middlewares\auth.js
FN:5,(anonymous_0)
FN:17,(anonymous_1)
FNF:2
FNH:2
FNDA:15,(anonymous_0)
FNDA:60,(anonymous_1)
DA:1,5
DA:2,5
DA:3,5
DA:5,5
DA:6,15
DA:7,15
DA:8,15
DA:9,15
DA:10,15
DA:11,0
DA:15,15
DA:16,15
DA:17,60
DA:18,15
DA:21,15
DA:22,15
DA:24,0
DA:25,0
DA:28,0
DA:29,0
DA:30,0
DA:34,5
LF:22
LH:16
BRDA:10,0,0,0
BRDA:10,0,1,15
BRDA:15,1,0,15
BRDA:15,1,1,0
BRDA:19,2,0,15
BRDA:19,2,1,0
BRF:6
BRH:3
end_of_record
TN:
SF:src\middlewares\validate-fields.js
FN:5,(anonymous_0)
FNF:1
FNH:1
FNDA:8,(anonymous_0)
DA:2,5
DA:5,5
DA:7,8
DA:8,8
DA:9,4
DA:11,4
DA:14,5
LF:7
LH:7
BRDA:8,0,0,4
BRDA:8,0,1,4
BRF:2
BRH:2
end_of_record
TN:
SF:src\middlewares\validate-rol.js
FN:2,(anonymous_0)
FN:3,(anonymous_1)
FNF:2
FNH:1
FNDA:25,(anonymous_0)
FNDA:0,(anonymous_1)
DA:2,5
DA:3,25
DA:5,0
DA:6,0
DA:11,0
DA:12,0
DA:17,0
DA:21,5
LF:8
LH:3
BRDA:5,0,0,0
BRDA:5,0,1,0
BRDA:11,1,0,0
BRDA:11,1,1,0
BRF:4
BRH:0
end_of_record
TN:
SF:src\middlewares\verificarPermisos.js
FN:1,verificarPermisos
FN:2,(anonymous_1)
FN:10,(anonymous_2)
FNF:3
FNH:3
FNDA:15,verificarPermisos
FNDA:7,(anonymous_1)
FNDA:7,(anonymous_2)
DA:2,15
DA:3,7
DA:4,7
DA:5,7
DA:6,7
DA:7,0
DA:10,7
DA:13,7
DA:14,0
DA:17,7
DA:21,5
LF:11
LH:9
BRDA:6,0,0,0
BRDA:6,0,1,7
BRDA:13,1,0,0
BRDA:13,1,1,7
BRF:4
BRH:2
end_of_record
TN:
SF:src\services\caso.service.js
FN:2,(anonymous_0)
FN:7,(anonymous_1)
FN:16,(anonymous_2)
FN:25,(anonymous_3)
FN:30,(anonymous_4)
FNF:5
FNH:5
FNDA:5,(anonymous_0)
FNDA:1,(anonymous_1)
FNDA:1,(anonymous_2)
FNDA:4,(anonymous_3)
FNDA:3,(anonymous_4)
DA:1,5
DA:2,5
DA:3,5
DA:4,5
DA:7,5
DA:8,1
DA:13,1
DA:16,5
DA:17,1
DA:22,1
DA:25,5
DA:26,4
DA:27,4
DA:30,5
DA:31,3
DA:36,2
DA:39,5
LF:17
LH:17
BRF:0
BRH:0
end_of_record
TN:
SF:src\services\manage.service.js
FN:5,(anonymous_0)
FN:15,(anonymous_1)
FN:22,(anonymous_2)
FNF:3
FNH:0
FNDA:0,(anonymous_0)
FNDA:0,(anonymous_1)
FNDA:0,(anonymous_2)
DA:1,5
DA:2,5
DA:3,5
DA:5,5
DA:6,0
DA:12,0
DA:15,5
DA:16,0
DA:17,0
DA:18,0
DA:19,0
DA:22,5
DA:23,0
DA:29,0
DA:32,5
LF:15
LH:7
BRF:0
BRH:0
end_of_record
TN:
SF:src\services\permiso.service.js
FN:2,(anonymous_0)
FNF:1
FNH:0
FNDA:0,(anonymous_0)
DA:1,5
DA:2,5
DA:3,0
DA:4,0
DA:7,5
LF:5
LH:3
BRF:0
BRH:0
end_of_record
TN:
SF:src\services\permisoUsuario.service.js
FN:3,(anonymous_0)
FN:8,(anonymous_1)
FNF:2
FNH:1
FNDA:0,(anonymous_0)
FNDA:15,(anonymous_1)
DA:1,5
DA:2,5
DA:3,5
DA:4,0
DA:5,0
DA:8,5
DA:9,15
DA:20,15
DA:24,5
LF:9
LH:7
BRF:0
BRH:0
end_of_record
TN:
SF:src\services\proyect.service.js
FN:3,(anonymous_0)
FN:8,(anonymous_1)
FN:14,(anonymous_2)
FN:23,(anonymous_3)
FNF:4
FNH:0
FNDA:0,(anonymous_0)
FNDA:0,(anonymous_1)
FNDA:0,(anonymous_2)
FNDA:0,(anonymous_3)
DA:1,5
DA:3,5
DA:4,0
DA:5,0
DA:8,5
DA:9,0
DA:10,0
DA:11,0
DA:14,5
DA:15,0
DA:20,0
DA:23,5
DA:24,0
DA:29,0
DA:32,5
LF:15
LH:6
BRF:0
BRH:0
end_of_record
TN:
SF:src\services\seguimiento.service.js
FN:2,(anonymous_0)
FN:7,(anonymous_1)
FN:16,(anonymous_2)
FN:22,(anonymous_3)
FN:31,(anonymous_4)
FNF:5
FNH:4
FNDA:3,(anonymous_0)
FNDA:1,(anonymous_1)
FNDA:4,(anonymous_2)
FNDA:1,(anonymous_3)
FNDA:0,(anonymous_4)
DA:1,5
DA:2,5
DA:3,3
DA:4,3
DA:7,5
DA:8,1
DA:13,1
DA:16,5
DA:17,4
DA:18,4
DA:22,5
DA:23,1
DA:28,1
DA:31,5
DA:32,0
DA:37,0
DA:40,5
LF:17
LH:15
BRF:0
BRH:0
end_of_record
TN:
SF:src\services\user.service.js
FN:4,(anonymous_0)
FNF:1
FNH:1
FNDA:1,(anonymous_0)
DA:1,5
DA:2,5
DA:4,5
DA:5,1
DA:6,1
DA:7,1
DA:8,1
DA:9,1
DA:12,5
LF:9
LH:9
BRF:0
BRH:0
end_of_record
TN:
SF:src\v1\routes\auth.routes.js
FNF:0
FNH:0
DA:1,5
DA:2,5
DA:3,5
DA:4,5
DA:8,5
DA:10,5
DA:19,5
LF:7
LH:7
BRF:0
BRH:0
end_of_record
TN:
SF:src\v1\routes\caso.route.js
FNF:0
FNH:0
DA:1,5
DA:2,5
DA:3,5
DA:4,5
DA:5,5
DA:6,5
DA:7,5
DA:8,5
DA:9,5
DA:12,5
LF:10
LH:10
BRF:0
BRH:0
end_of_record
TN:
SF:src\v1\routes\manage.routes.js
FNF:0
FNH:0
DA:1,5
DA:2,5
DA:3,5
DA:4,5
DA:5,5
DA:6,5
DA:7,5
DA:11,5
DA:13,5
DA:17,5
DA:27,5
DA:35,5
LF:12
LH:12
BRF:0
BRH:0
end_of_record
TN:
SF:src\v1\routes\permiso.route.js
FNF:0
FNH:0
DA:1,5
DA:2,5
DA:3,5
DA:4,5
DA:5,5
LF:5
LH:5
BRF:0
BRH:0
end_of_record
TN:
SF:src\v1\routes\permisoUsuario.route.js
FNF:0
FNH:0
DA:1,5
DA:2,5
DA:3,5
DA:4,5
DA:5,5
DA:6,5
LF:6
LH:6
BRF:0
BRH:0
end_of_record
TN:
SF:src\v1\routes\project.routes.js
FNF:0
FNH:0
DA:1,5
DA:2,5
DA:3,5
DA:4,5
DA:5,5
DA:6,5
DA:7,5
DA:8,5
DA:10,5
DA:14,5
DA:21,5
DA:28,5
DA:35,5
LF:13
LH:13
BRF:0
BRH:0
end_of_record
TN:
SF:src\v1\routes\seguimiento.routes.js
FNF:0
FNH:0
DA:1,5
DA:2,5
DA:3,5
DA:4,5
DA:5,5
DA:6,5
DA:7,5
DA:8,5
DA:9,5
LF:9
LH:9
BRF:0
BRH:0
end_of_record
TN:
SF:src\v1\routes\user.routes.js
FNF:0
FNH:0
DA:1,5
DA:3,5
DA:7,5
DA:11,5
DA:13,5
DA:15,5
DA:17,5
DA:30,5
LF:8
LH:8
BRF:0
BRH:0
end_of_record
