TN:
SF:src\index.js
FN:26,(anonymous_0)
FN:33,(anonymous_1)
FNF:2
FNH:2
FNDA:1,(anonymous_0)
FNDA:4,(anonymous_1)
DA:1,4
DA:2,4
DA:3,4
DA:4,4
DA:5,4
DA:8,4
DA:9,4
DA:10,4
DA:11,4
DA:12,4
DA:14,4
DA:15,4
DA:20,4
DA:21,4
DA:22,4
DA:23,4
DA:24,4
DA:26,4
DA:27,1
DA:33,4
DA:34,4
DA:37,4
LF:22
LH:22
BRF:0
BRH:0
end_of_record
TN:
SF:src\controllers\auth.controller.js
FN:8,(anonymous_0)
FNF:1
FNH:1
FNDA:3,(anonymous_0)
DA:3,4
DA:4,4
DA:6,4
DA:8,4
DA:9,3
DA:10,3
DA:11,3
DA:14,3
DA:15,1
DA:19,2
DA:24,2
DA:25,1
DA:30,1
DA:32,1
DA:37,0
DA:38,0
DA:45,4
LF:17
LH:15
BRDA:14,0,0,1
BRDA:14,0,1,2
BRDA:24,1,0,1
BRDA:24,1,1,1
BRF:4
BRH:4
end_of_record
TN:
SF:src\controllers\caso.controller.js
FN:3,(anonymous_0)
FN:31,(anonymous_1)
FN:46,(anonymous_2)
FN:72,(anonymous_3)
FNF:4
FNH:4
FNDA:3,(anonymous_0)
FNDA:2,(anonymous_1)
FNDA:2,(anonymous_2)
FNDA:3,(anonymous_3)
DA:1,4
DA:3,4
DA:4,3
DA:5,3
DA:16,3
DA:17,3
DA:18,3
DA:23,0
DA:31,4
DA:33,2
DA:34,2
DA:35,2
DA:36,1
DA:40,1
DA:41,1
DA:46,4
DA:47,2
DA:48,2
DA:49,2
DA:60,2
DA:61,2
DA:62,1
DA:66,1
DA:67,1
DA:72,4
DA:73,3
DA:74,3
DA:75,3
DA:76,2
DA:77,1
DA:79,1
DA:83,1
DA:87,4
LF:33
LH:32
BRDA:35,0,0,1
BRDA:35,0,1,1
BRDA:61,1,0,1
BRDA:61,1,1,1
BRDA:76,2,0,1
BRDA:76,2,1,1
BRF:6
BRH:6
end_of_record
TN:
SF:src\controllers\manage.controller.js
FN:3,(anonymous_0)
FN:8,(anonymous_1)
FN:23,(anonymous_2)
FNF:3
FNH:0
FNDA:0,(anonymous_0)
FNDA:0,(anonymous_1)
FNDA:0,(anonymous_2)
DA:1,4
DA:3,4
DA:4,0
DA:5,0
DA:8,4
DA:9,0
DA:10,0
DA:11,0
DA:12,0
DA:16,0
DA:17,0
DA:23,4
DA:24,0
DA:25,0
DA:26,0
DA:27,0
DA:31,0
DA:32,0
DA:38,4
LF:19
LH:5
BRF:0
BRH:0
end_of_record
TN:
SF:src\controllers\project.controller.js
FN:3,(anonymous_0)
FN:19,(anonymous_1)
FN:36,(anonymous_2)
FN:55,(anonymous_3)
FNF:4
FNH:0
FNDA:0,(anonymous_0)
FNDA:0,(anonymous_1)
FNDA:0,(anonymous_2)
FNDA:0,(anonymous_3)
DA:1,4
DA:3,4
DA:4,0
DA:6,0
DA:11,0
DA:13,0
DA:19,4
DA:20,0
DA:22,0
DA:23,0
DA:24,0
DA:29,0
DA:30,0
DA:36,4
DA:38,0
DA:39,0
DA:40,0
DA:42,0
DA:43,0
DA:44,0
DA:48,0
DA:49,0
DA:55,4
DA:56,0
DA:58,0
DA:59,0
DA:60,0
DA:65,0
DA:66,0
DA:72,4
LF:30
LH:6
BRDA:4,0,0,0
BRDA:4,1,0,0
BRF:2
BRH:0
end_of_record
TN:
SF:src\controllers\user.controller.js
FN:3,(anonymous_0)
FNF:1
FNH:1
FNDA:1,(anonymous_0)
DA:1,4
DA:3,4
DA:4,1
DA:6,1
DA:7,1
DA:8,1
DA:9,1
DA:13,0
DA:14,0
DA:20,4
LF:10
LH:8
BRF:0
BRH:0
end_of_record
TN:
SF:src\database\connection.js
FNF:0
FNH:0
DA:1,4
DA:2,4
DA:4,4
DA:16,4
LF:4
LH:4
BRF:0
BRH:0
end_of_record
TN:
SF:src\database\models\CasoPrueba.js
FNF:0
FNH:0
DA:1,4
DA:2,4
DA:3,4
DA:6,4
DA:53,4
DA:55,4
LF:6
LH:6
BRF:0
BRH:0
end_of_record
TN:
SF:src\database\models\Gestiona.js
FNF:0
FNH:0
DA:1,4
DA:2,4
DA:3,4
DA:4,4
DA:6,4
DA:32,4
DA:33,4
DA:35,4
LF:8
LH:8
BRF:0
BRH:0
end_of_record
TN:
SF:src\database\models\Proyecto.js
FNF:0
FNH:0
DA:1,4
DA:2,4
DA:4,4
DA:21,4
LF:4
LH:4
BRF:0
BRH:0
end_of_record
TN:
SF:src\database\models\Usuario.js
FNF:0
FNH:0
DA:1,4
DA:2,4
DA:4,4
DA:38,4
LF:4
LH:4
BRF:0
BRH:0
end_of_record
TN:
SF:src\helpers\db-validators.js
FN:6,(anonymous_0)
FN:11,(anonymous_1)
FN:18,(anonymous_2)
FN:30,(anonymous_3)
FN:43,(anonymous_4)
FNF:5
FNH:2
FNDA:0,(anonymous_0)
FNDA:0,(anonymous_1)
FNDA:3,(anonymous_2)
FNDA:3,(anonymous_3)
FNDA:0,(anonymous_4)
DA:1,4
DA:2,4
DA:6,4
DA:7,0
DA:8,0
DA:11,4
DA:12,0
DA:13,0
DA:14,0
DA:18,4
DA:19,3
DA:25,3
DA:26,1
DA:30,4
DA:31,3
DA:36,3
DA:43,4
DA:44,0
DA:45,0
DA:46,0
DA:52,4
LF:21
LH:13
BRDA:13,0,0,0
BRDA:13,0,1,0
BRDA:18,1,0,1
BRDA:25,2,0,1
BRDA:25,2,1,2
BRDA:45,3,0,0
BRDA:45,3,1,0
BRF:7
BRH:3
end_of_record
TN:
SF:src\helpers\generateToken.js
FN:4,(anonymous_0)
FNF:1
FNH:1
FNDA:1,(anonymous_0)
DA:1,4
DA:2,4
DA:4,4
DA:5,1
DA:6,1
DA:21,4
LF:6
LH:6
BRF:0
BRH:0
end_of_record
TN:
SF:src\helpers\verify-jwt.js
FN:3,(anonymous_0)
FNF:1
FNH:0
FNDA:0,(anonymous_0)
DA:1,4
DA:3,4
DA:4,0
DA:5,0
DA:7,0
DA:11,4
LF:6
LH:3
BRF:0
BRH:0
end_of_record
TN:
SF:src\middlewares\auth.js
FN:4,(anonymous_0)
FNF:1
FNH:0
FNDA:0,(anonymous_0)
DA:1,4
DA:2,4
DA:4,4
DA:5,0
DA:6,0
DA:7,0
DA:8,0
DA:9,0
DA:10,0
DA:11,0
DA:15,0
DA:21,0
DA:22,0
DA:24,0
DA:25,0
DA:28,0
DA:29,0
DA:30,0
DA:34,4
LF:19
LH:4
BRDA:10,0,0,0
BRDA:10,0,1,0
BRDA:15,1,0,0
BRDA:15,1,1,0
BRF:4
BRH:0
end_of_record
TN:
SF:src\middlewares\validate-fields.js
FN:5,(anonymous_0)
FNF:1
FNH:1
FNDA:8,(anonymous_0)
DA:2,4
DA:5,4
DA:7,8
DA:8,8
DA:9,4
DA:11,4
DA:14,4
LF:7
LH:7
BRDA:8,0,0,4
BRDA:8,0,1,4
BRF:2
BRH:2
end_of_record
TN:
SF:src\middlewares\validate-rol.js
FN:2,(anonymous_0)
FN:3,(anonymous_1)
FNF:2
FNH:1
FNDA:20,(anonymous_0)
FNDA:0,(anonymous_1)
DA:2,4
DA:3,20
DA:5,0
DA:6,0
DA:11,0
DA:12,0
DA:17,0
DA:21,4
LF:8
LH:3
BRDA:5,0,0,0
BRDA:5,0,1,0
BRDA:11,1,0,0
BRDA:11,1,1,0
BRF:4
BRH:0
end_of_record
TN:
SF:src\services\caso.service.js
FN:2,(anonymous_0)
FN:7,(anonymous_1)
FN:16,(anonymous_2)
FN:25,(anonymous_3)
FN:30,(anonymous_4)
FNF:5
FNH:5
FNDA:3,(anonymous_0)
FNDA:1,(anonymous_1)
FNDA:1,(anonymous_2)
FNDA:4,(anonymous_3)
FNDA:3,(anonymous_4)
DA:1,4
DA:2,4
DA:3,3
DA:4,3
DA:7,4
DA:8,1
DA:13,1
DA:16,4
DA:17,1
DA:22,1
DA:25,4
DA:26,4
DA:27,4
DA:30,4
DA:31,3
DA:36,2
DA:39,4
LF:17
LH:17
BRF:0
BRH:0
end_of_record
TN:
SF:src\services\manage.service.js
FN:5,(anonymous_0)
FN:15,(anonymous_1)
FN:22,(anonymous_2)
FNF:3
FNH:0
FNDA:0,(anonymous_0)
FNDA:0,(anonymous_1)
FNDA:0,(anonymous_2)
DA:1,4
DA:2,4
DA:3,4
DA:5,4
DA:6,0
DA:12,0
DA:15,4
DA:16,0
DA:17,0
DA:18,0
DA:19,0
DA:22,4
DA:23,0
DA:29,0
DA:32,4
LF:15
LH:7
BRF:0
BRH:0
end_of_record
TN:
SF:src\services\proyect.service.js
FN:3,(anonymous_0)
FN:8,(anonymous_1)
FN:14,(anonymous_2)
FN:23,(anonymous_3)
FNF:4
FNH:0
FNDA:0,(anonymous_0)
FNDA:0,(anonymous_1)
FNDA:0,(anonymous_2)
FNDA:0,(anonymous_3)
DA:1,4
DA:3,4
DA:4,0
DA:5,0
DA:8,4
DA:9,0
DA:10,0
DA:11,0
DA:14,4
DA:15,0
DA:20,0
DA:23,4
DA:24,0
DA:29,0
DA:32,4
LF:15
LH:6
BRF:0
BRH:0
end_of_record
TN:
SF:src\services\user.service.js
FN:4,(anonymous_0)
FNF:1
FNH:1
FNDA:1,(anonymous_0)
DA:1,4
DA:2,4
DA:4,4
DA:5,1
DA:6,1
DA:7,1
DA:8,1
DA:9,1
DA:12,4
LF:9
LH:9
BRF:0
BRH:0
end_of_record
TN:
SF:src\v1\routes\auth.routes.js
FNF:0
FNH:0
DA:1,4
DA:2,4
DA:3,4
DA:4,4
DA:8,4
DA:10,4
DA:19,4
LF:7
LH:7
BRF:0
BRH:0
end_of_record
TN:
SF:src\v1\routes\caso.route.js
FNF:0
FNH:0
DA:1,4
DA:2,4
DA:3,4
DA:5,4
DA:6,4
DA:7,4
DA:8,4
DA:11,4
LF:8
LH:8
BRF:0
BRH:0
end_of_record
TN:
SF:src\v1\routes\manage.routes.js
FNF:0
FNH:0
DA:1,4
DA:2,4
DA:3,4
DA:4,4
DA:5,4
DA:6,4
DA:7,4
DA:11,4
DA:13,4
DA:17,4
DA:27,4
DA:35,4
LF:12
LH:12
BRF:0
BRH:0
end_of_record
TN:
SF:src\v1\routes\project.routes.js
FNF:0
FNH:0
DA:1,4
DA:2,4
DA:3,4
DA:4,4
DA:5,4
DA:6,4
DA:7,4
DA:8,4
DA:10,4
DA:14,4
DA:21,4
DA:28,4
DA:35,4
LF:13
LH:13
BRF:0
BRH:0
end_of_record
TN:
SF:src\v1\routes\user.routes.js
FNF:0
FNH:0
DA:1,4
DA:3,4
DA:7,4
DA:11,4
DA:13,4
DA:15,4
DA:17,4
DA:30,4
LF:8
LH:8
BRF:0
BRH:0
end_of_record
